2026-06-01 15:58:15 INFO  [background-preinit] o.h.v.i.u.Version:21 -
				HV000001: Hibernate Validator 8.0.3.Final
2026-06-01 15:58:15 INFO  [restartedMain] c.c.Travel360endpoints3Application:53 -
				Starting Travel360endpoints3Application using Java 21.0.8 with PID 28720 (C:\Users\2496716\Downloads\Travel360---Project\travel360endpoints-3\target\classes started by 2496716 in C:\Users\2496716\Downloads\Travel360---Project\travel360endpoints-3)
2026-06-01 15:58:15 INFO  [restartedMain] c.c.Travel360endpoints3Application:652 -
				No active profile set, falling back to 1 default profile: "default"
2026-06-01 15:58:15 INFO  [restartedMain] o.s.b.d.e.DevToolsPropertyDefaultsPostProcessor:68 -
				Devtools property defaults active! Set 'spring.devtools.add-properties' to 'false' to disable
2026-06-01 15:58:15 INFO  [restartedMain] o.s.b.d.e.DevToolsPropertyDefaultsPostProcessor:68 -
				For additional web related logging consider setting the 'logging.level.web' property to 'DEBUG'
2026-06-01 15:58:21 INFO  [restartedMain] o.s.d.r.c.RepositoryConfigurationDelegate:145 -
				Bootstrapping Spring Data JPA repositories in DEFAULT mode.
2026-06-01 15:58:21 INFO  [restartedMain] o.s.d.r.c.RepositoryConfigurationDelegate:213 -
				Finished Spring Data repository scanning in 193 ms. Found 13 JPA repository interfaces.
2026-06-01 15:58:22 INFO  [restartedMain] o.s.b.w.e.t.TomcatWebServer:111 -
				Tomcat initialized with port 9094 (http)
2026-06-01 15:58:22 INFO  [restartedMain] o.a.c.h.Http11NioProtocol:168 -
				Initializing ProtocolHandler ["http-nio-9094"]
2026-06-01 15:58:22 INFO  [restartedMain] o.a.c.c.StandardService:168 -
				Starting service [Tomcat]
2026-06-01 15:58:22 INFO  [restartedMain] o.a.c.c.StandardEngine:168 -
				Starting Servlet engine: [Apache Tomcat/10.1.54]
2026-06-01 15:58:22 INFO  [restartedMain] o.a.c.c.C.[.[.[/]:168 -
				Initializing Spring embedded WebApplicationContext
2026-06-01 15:58:22 INFO  [restartedMain] o.s.b.w.s.c.ServletWebServerApplicationContext:301 -
				Root WebApplicationContext: initialization completed in 6895 ms
2026-06-01 15:58:23 INFO  [restartedMain] o.h.j.i.u.LogHelper:31 -
				HHH000204: Processing PersistenceUnitInfo [name: default]
2026-06-01 15:58:23 INFO  [restartedMain] o.h.Version:44 -
				HHH000412: Hibernate ORM core version 6.6.49.Final
2026-06-01 15:58:23 INFO  [restartedMain] o.h.c.i.RegionFactoryInitiator:50 -
				HHH000026: Second-level cache disabled
2026-06-01 15:58:23 INFO  [restartedMain] o.s.o.j.p.SpringPersistenceUnitInfo:87 -
				No LoadTimeWeaver setup: ignoring JPA class transformer
2026-06-01 15:58:23 INFO  [restartedMain] c.z.h.HikariDataSource:109 -
				HikariPool-1 - Starting...
2026-06-01 15:58:24 INFO  [restartedMain] c.z.h.p.HikariPool:580 -
				HikariPool-1 - Added connection com.mysql.cj.jdbc.ConnectionImpl@7bad96eb
2026-06-01 15:58:24 INFO  [restartedMain] c.z.h.HikariDataSource:122 -
				HikariPool-1 - Start completed.
2026-06-01 15:58:24 INFO  [restartedMain] o.h.o.c.pooling:163 -
				HHH10001005: Database info:
	Database JDBC URL [Connecting through datasource 'HikariDataSource (HikariPool-1)']
	Database driver: undefined/unknown
	Database version: 8.0.43
	Autocommit mode: undefined/unknown
	Isolation level: undefined/unknown
	Minimum pool size: undefined/unknown
	Maximum pool size: undefined/unknown
2026-06-01 15:58:27 INFO  [restartedMain] o.h.e.t.j.p.i.JtaPlatformInitiator:59 -
				HHH000489: No JTA platform available (set 'hibernate.transaction.jta.platform' to enable JTA platform integration)
2026-06-01 15:58:30 INFO  [restartedMain] o.s.o.j.LocalContainerEntityManagerFactoryBean:447 -
				Initialized JPA EntityManagerFactory for persistence unit 'default'
2026-06-01 15:58:30 INFO  [restartedMain] o.s.d.j.r.q.QueryEnhancerFactory:49 -
				Hibernate is in classpath; If applicable, HQL parser will be used.
2026-06-01 15:58:32 WARN  [restartedMain] o.s.b.a.o.j.JpaBaseConfiguration$JpaWebConfiguration:258 -
				spring.jpa.open-in-view is enabled by default. Therefore, database queries may be performed during view rendering. Explicitly configure spring.jpa.open-in-view to disable this warning
2026-06-01 15:58:32 WARN  [restartedMain] o.s.b.a.s.s.UserDetailsServiceAutoConfiguration:90 -
				

Using generated security password: f21e14cd-78c0-4b3d-9fca-195b5da0adb1

This generated password is for development use only. Your security configuration must be updated before running your application in production.

2026-06-01 15:58:32 INFO  [restartedMain] o.s.s.c.a.a.c.InitializeUserDetailsBeanManagerConfigurer$InitializeUserDetailsManagerConfigurer:110 -
				Global AuthenticationManager configured with UserDetailsService bean with name inMemoryUserDetailsManager
2026-06-01 15:58:33 INFO  [restartedMain] o.s.b.d.a.OptionalLiveReloadServer:59 -
				LiveReload server is running on port 35729
2026-06-01 15:58:33 INFO  [restartedMain] o.a.c.h.Http11NioProtocol:168 -
				Starting ProtocolHandler ["http-nio-9094"]
2026-06-01 15:58:33 INFO  [restartedMain] o.s.b.w.e.t.TomcatWebServer:243 -
				Tomcat started on port 9094 (http) with context path '/'
2026-06-01 15:58:33 INFO  [restartedMain] c.c.Travel360endpoints3Application:59 -
				Started Travel360endpoints3Application in 18.23 seconds (process running for 20.077)
2026-06-01 16:02:37 INFO  [File Watcher] o.s.b.d.a.LocalDevToolsAutoConfiguration$RestartingClassPathChangeChangedEventListener:211 -
				Restarting due to 1 class path change (0 additions, 0 deletions, 1 modification)
2026-06-01 16:02:37 INFO  [Thread-5] o.s.b.w.e.t.GracefulShutdown:54 -
				Commencing graceful shutdown. Waiting for active requests to complete
2026-06-01 16:02:37 INFO  [tomcat-shutdown] o.a.c.h.Http11NioProtocol:168 -
				Pausing ProtocolHandler ["http-nio-9094"]
2026-06-01 16:02:37 INFO  [tomcat-shutdown] o.s.b.w.e.t.GracefulShutdown:76 -
				Graceful shutdown complete
2026-06-01 16:02:37 INFO  [Thread-5] o.a.c.h.Http11NioProtocol:168 -
				Stopping ProtocolHandler ["http-nio-9094"]
2026-06-01 16:02:37 INFO  [Thread-5] o.s.o.j.LocalContainerEntityManagerFactoryBean:660 -
				Closing JPA EntityManagerFactory for persistence unit 'default'
2026-06-01 16:02:37 INFO  [Thread-5] c.z.h.HikariDataSource:349 -
				HikariPool-1 - Shutdown initiated...
2026-06-01 16:02:37 INFO  [Thread-5] c.z.h.HikariDataSource:351 -
				HikariPool-1 - Shutdown completed.
2026-06-01 16:02:37 INFO  [restartedMain] c.c.Travel360endpoints3Application:53 -
				Starting Travel360endpoints3Application using Java 21.0.8 with PID 28720 (C:\Users\2496716\Downloads\Travel360---Project\travel360endpoints-3\target\classes started by 2496716 in C:\Users\2496716\Downloads\Travel360---Project\travel360endpoints-3)
2026-06-01 16:02:37 INFO  [restartedMain] c.c.Travel360endpoints3Application:652 -
				No active profile set, falling back to 1 default profile: "default"
2026-06-01 16:02:37 INFO  [restartedMain] o.s.d.r.c.RepositoryConfigurationDelegate:145 -
				Bootstrapping Spring Data JPA repositories in DEFAULT mode.
2026-06-01 16:02:38 INFO  [restartedMain] o.s.d.r.c.RepositoryConfigurationDelegate:213 -
				Finished Spring Data repository scanning in 105 ms. Found 13 JPA repository interfaces.
2026-06-01 16:02:38 INFO  [restartedMain] o.s.b.w.e.t.TomcatWebServer:111 -
				Tomcat initialized with port 9094 (http)
2026-06-01 16:02:38 INFO  [restartedMain] o.a.c.h.Http11NioProtocol:168 -
				Initializing ProtocolHandler ["http-nio-9094"]
2026-06-01 16:02:38 INFO  [restartedMain] o.a.c.c.StandardService:168 -
				Starting service [Tomcat]
2026-06-01 16:02:38 INFO  [restartedMain] o.a.c.c.StandardEngine:168 -
				Starting Servlet engine: [Apache Tomcat/10.1.54]
2026-06-01 16:02:38 INFO  [restartedMain] o.a.c.c.C.[.[.[/]:168 -
				Initializing Spring embedded WebApplicationContext
2026-06-01 16:02:38 INFO  [restartedMain] o.s.b.w.s.c.ServletWebServerApplicationContext:301 -
				Root WebApplicationContext: initialization completed in 882 ms
2026-06-01 16:02:38 INFO  [restartedMain] o.h.j.i.u.LogHelper:31 -
				HHH000204: Processing PersistenceUnitInfo [name: default]
2026-06-01 16:02:38 INFO  [restartedMain] o.h.c.i.RegionFactoryInitiator:50 -
				HHH000026: Second-level cache disabled
2026-06-01 16:02:38 INFO  [restartedMain] o.s.o.j.p.SpringPersistenceUnitInfo:87 -
				No LoadTimeWeaver setup: ignoring JPA class transformer
2026-06-01 16:02:38 INFO  [restartedMain] c.z.h.HikariDataSource:109 -
				HikariPool-2 - Starting...
2026-06-01 16:02:38 INFO  [restartedMain] c.z.h.p.HikariPool:580 -
				HikariPool-2 - Added connection com.mysql.cj.jdbc.ConnectionImpl@113876cb
2026-06-01 16:02:38 INFO  [restartedMain] c.z.h.HikariDataSource:122 -
				HikariPool-2 - Start completed.
2026-06-01 16:02:38 INFO  [restartedMain] o.h.o.c.pooling:163 -
				HHH10001005: Database info:
	Database JDBC URL [Connecting through datasource 'HikariDataSource (HikariPool-2)']
	Database driver: undefined/unknown
	Database version: 8.0.43
	Autocommit mode: undefined/unknown
	Isolation level: undefined/unknown
	Minimum pool size: undefined/unknown
	Maximum pool size: undefined/unknown
2026-06-01 16:02:38 INFO  [restartedMain] o.h.e.t.j.p.i.JtaPlatformInitiator:59 -
				HHH000489: No JTA platform available (set 'hibernate.transaction.jta.platform' to enable JTA platform integration)
2026-06-01 16:02:38 INFO  [restartedMain] o.s.o.j.LocalContainerEntityManagerFactoryBean:447 -
				Initialized JPA EntityManagerFactory for persistence unit 'default'
2026-06-01 16:02:39 WARN  [restartedMain] o.s.b.a.o.j.JpaBaseConfiguration$JpaWebConfiguration:258 -
				spring.jpa.open-in-view is enabled by default. Therefore, database queries may be performed during view rendering. Explicitly configure spring.jpa.open-in-view to disable this warning
2026-06-01 16:02:39 WARN  [restartedMain] o.s.b.a.s.s.UserDetailsServiceAutoConfiguration:90 -
				

Using generated security password: b951fe7f-40df-4a11-a906-a5673023438a

This generated password is for development use only. Your security configuration must be updated before running your application in production.

2026-06-01 16:02:39 INFO  [restartedMain] o.s.s.c.a.a.c.InitializeUserDetailsBeanManagerConfigurer$InitializeUserDetailsManagerConfigurer:110 -
				Global AuthenticationManager configured with UserDetailsService bean with name inMemoryUserDetailsManager
2026-06-01 16:02:39 INFO  [restartedMain] o.s.b.d.a.OptionalLiveReloadServer:59 -
				LiveReload server is running on port 35729
2026-06-01 16:02:39 INFO  [restartedMain] o.a.c.h.Http11NioProtocol:168 -
				Starting ProtocolHandler ["http-nio-9094"]
2026-06-01 16:02:39 INFO  [restartedMain] o.s.b.w.e.t.TomcatWebServer:243 -
				Tomcat started on port 9094 (http) with context path '/'
2026-06-01 16:02:39 INFO  [restartedMain] c.c.Travel360endpoints3Application:59 -
				Started Travel360endpoints3Application in 2.343 seconds (process running for 266.378)
2026-06-01 16:02:39 INFO  [restartedMain] o.s.b.d.a.ConditionEvaluationDeltaLoggingListener:63 -
				Condition evaluation unchanged
2026-06-01 16:08:07 INFO  [File Watcher] o.s.b.d.a.LocalDevToolsAutoConfiguration$RestartingClassPathChangeChangedEventListener:211 -
				Restarting due to 1 class path change (0 additions, 0 deletions, 1 modification)
2026-06-01 16:08:07 INFO  [Thread-7] o.s.b.w.e.t.GracefulShutdown:54 -
				Commencing graceful shutdown. Waiting for active requests to complete
2026-06-01 16:08:07 INFO  [tomcat-shutdown] o.a.c.h.Http11NioProtocol:168 -
				Pausing ProtocolHandler ["http-nio-9094"]
2026-06-01 16:08:07 INFO  [tomcat-shutdown] o.s.b.w.e.t.GracefulShutdown:76 -
				Graceful shutdown complete
2026-06-01 16:08:07 INFO  [Thread-7] o.a.c.h.Http11NioProtocol:168 -
				Stopping ProtocolHandler ["http-nio-9094"]
2026-06-01 16:08:07 INFO  [Thread-7] o.s.o.j.LocalContainerEntityManagerFactoryBean:660 -
				Closing JPA EntityManagerFactory for persistence unit 'default'
2026-06-01 16:08:07 INFO  [Thread-7] c.z.h.HikariDataSource:349 -
				HikariPool-2 - Shutdown initiated...
2026-06-01 16:08:07 INFO  [Thread-7] c.z.h.HikariDataSource:351 -
				HikariPool-2 - Shutdown completed.
2026-06-01 16:08:07 INFO  [restartedMain] c.c.Travel360endpoints3Application:53 -
				Starting Travel360endpoints3Application using Java 21.0.8 with PID 28720 (C:\Users\2496716\Downloads\Travel360---Project\travel360endpoints-3\target\classes started by 2496716 in C:\Users\2496716\Downloads\Travel360---Project\travel360endpoints-3)
2026-06-01 16:08:07 INFO  [restartedMain] c.c.Travel360endpoints3Application:652 -
				No active profile set, falling back to 1 default profile: "default"
2026-06-01 16:08:08 INFO  [restartedMain] o.s.d.r.c.RepositoryConfigurationDelegate:145 -
				Bootstrapping Spring Data JPA repositories in DEFAULT mode.
2026-06-01 16:08:08 INFO  [restartedMain] o.s.d.r.c.RepositoryConfigurationDelegate:213 -
				Finished Spring Data repository scanning in 94 ms. Found 13 JPA repository interfaces.
2026-06-01 16:08:08 INFO  [restartedMain] o.s.b.w.e.t.TomcatWebServer:111 -
				Tomcat initialized with port 9094 (http)
2026-06-01 16:08:08 INFO  [restartedMain] o.a.c.h.Http11NioProtocol:168 -
				Initializing ProtocolHandler ["http-nio-9094"]
2026-06-01 16:08:08 INFO  [restartedMain] o.a.c.c.StandardService:168 -
				Starting service [Tomcat]
2026-06-01 16:08:08 INFO  [restartedMain] o.a.c.c.StandardEngine:168 -
				Starting Servlet engine: [Apache Tomcat/10.1.54]
2026-06-01 16:08:08 INFO  [restartedMain] o.a.c.c.C.[.[.[/]:168 -
				Initializing Spring embedded WebApplicationContext
2026-06-01 16:08:08 INFO  [restartedMain] o.s.b.w.s.c.ServletWebServerApplicationContext:301 -
				Root WebApplicationContext: initialization completed in 863 ms
2026-06-01 16:08:08 INFO  [restartedMain] o.h.j.i.u.LogHelper:31 -
				HHH000204: Processing PersistenceUnitInfo [name: default]
2026-06-01 16:08:08 INFO  [restartedMain] o.h.c.i.RegionFactoryInitiator:50 -
				HHH000026: Second-level cache disabled
2026-06-01 16:08:08 INFO  [restartedMain] o.s.o.j.p.SpringPersistenceUnitInfo:87 -
				No LoadTimeWeaver setup: ignoring JPA class transformer
2026-06-01 16:08:08 INFO  [restartedMain] c.z.h.HikariDataSource:109 -
				HikariPool-3 - Starting...
2026-06-01 16:08:08 INFO  [restartedMain] c.z.h.p.HikariPool:580 -
				HikariPool-3 - Added connection com.mysql.cj.jdbc.ConnectionImpl@422ee3ad
2026-06-01 16:08:08 INFO  [restartedMain] c.z.h.HikariDataSource:122 -
				HikariPool-3 - Start completed.
2026-06-01 16:08:08 INFO  [restartedMain] o.h.o.c.pooling:163 -
				HHH10001005: Database info:
	Database JDBC URL [Connecting through datasource 'HikariDataSource (HikariPool-3)']
	Database driver: undefined/unknown
	Database version: 8.0.43
	Autocommit mode: undefined/unknown
	Isolation level: undefined/unknown
	Minimum pool size: undefined/unknown
	Maximum pool size: undefined/unknown
2026-06-01 16:08:08 INFO  [restartedMain] o.h.e.t.j.p.i.JtaPlatformInitiator:59 -
				HHH000489: No JTA platform available (set 'hibernate.transaction.jta.platform' to enable JTA platform integration)
2026-06-01 16:08:09 INFO  [restartedMain] o.s.o.j.LocalContainerEntityManagerFactoryBean:447 -
				Initialized JPA EntityManagerFactory for persistence unit 'default'
2026-06-01 16:08:09 WARN  [restartedMain] o.s.b.a.o.j.JpaBaseConfiguration$JpaWebConfiguration:258 -
				spring.jpa.open-in-view is enabled by default. Therefore, database queries may be performed during view rendering. Explicitly configure spring.jpa.open-in-view to disable this warning
2026-06-01 16:08:09 WARN  [restartedMain] o.s.b.a.s.s.UserDetailsServiceAutoConfiguration:90 -
				

Using generated security password: 315b7de6-9a14-4b28-9179-5899f8fffb2b

This generated password is for development use only. Your security configuration must be updated before running your application in production.

2026-06-01 16:08:09 INFO  [restartedMain] o.s.s.c.a.a.c.InitializeUserDetailsBeanManagerConfigurer$InitializeUserDetailsManagerConfigurer:110 -
				Global AuthenticationManager configured with UserDetailsService bean with name inMemoryUserDetailsManager
2026-06-01 16:08:09 INFO  [restartedMain] o.s.b.d.a.OptionalLiveReloadServer:59 -
				LiveReload server is running on port 35729
2026-06-01 16:08:09 INFO  [restartedMain] o.a.c.h.Http11NioProtocol:168 -
				Starting ProtocolHandler ["http-nio-9094"]
2026-06-01 16:08:09 INFO  [restartedMain] o.s.b.w.e.t.TomcatWebServer:243 -
				Tomcat started on port 9094 (http) with context path '/'
2026-06-01 16:08:09 INFO  [restartedMain] c.c.Travel360endpoints3Application:59 -
				Started Travel360endpoints3Application in 2.34 seconds (process running for 596.655)
2026-06-01 16:08:09 INFO  [restartedMain] o.s.b.d.a.ConditionEvaluationDeltaLoggingListener:63 -
				Condition evaluation unchanged
2026-06-01 16:08:28 INFO  [http-nio-9094-exec-2] o.a.c.c.C.[.[.[/]:168 -
				Initializing Spring DispatcherServlet 'dispatcherServlet'
2026-06-01 16:08:28 INFO  [http-nio-9094-exec-2] o.s.w.s.DispatcherServlet:532 -
				Initializing Servlet 'dispatcherServlet'
2026-06-01 16:08:28 INFO  [http-nio-9094-exec-2] o.s.w.s.DispatcherServlet:554 -
				Completed initialization in 3 ms
2026-06-01 16:08:31 INFO  [http-nio-9094-exec-9] o.s.a.AbstractOpenApiResource:409 -
				Init duration for springdoc-openapi is: 1665 ms
2026-06-01 16:10:14 WARN  [http-nio-9094-exec-4] o.s.w.s.m.m.a.ExceptionHandlerExceptionResolver:254 -
				Resolved [org.springframework.http.converter.HttpMessageNotReadableException: JSON parse error: Cannot deserialize value of type `com.cts.enums.PartnerType` from String "TRANSPORT": not one of the values accepted for Enum class: [BUS, HOTEL, PACKAGE, FLIGHT]]
2026-06-01 16:10:51 INFO  [http-nio-9094-exec-8] c.c.c.TransportController:33 -
				addTransport() is called
2026-06-01 16:11:44 INFO  [RMI TCP Connection(30)-127.0.0.1] o.s.b.a.SpringApplicationAdminMXBeanRegistrar$SpringApplicationAdmin:159 -
				Application shutdown requested.
2026-06-01 16:11:44 INFO  [RMI TCP Connection(30)-127.0.0.1] o.s.b.w.e.t.GracefulShutdown:54 -
				Commencing graceful shutdown. Waiting for active requests to complete
2026-06-01 16:11:44 INFO  [tomcat-shutdown] o.a.c.h.Http11NioProtocol:168 -
				Pausing ProtocolHandler ["http-nio-9094"]
2026-06-01 16:11:44 INFO  [tomcat-shutdown] o.s.b.w.e.t.GracefulShutdown:76 -
				Graceful shutdown complete
2026-06-01 16:11:44 INFO  [RMI TCP Connection(30)-127.0.0.1] o.a.c.h.Http11NioProtocol:168 -
				Stopping ProtocolHandler ["http-nio-9094"]
2026-06-01 16:11:44 INFO  [RMI TCP Connection(30)-127.0.0.1] o.s.o.j.LocalContainerEntityManagerFactoryBean:660 -
				Closing JPA EntityManagerFactory for persistence unit 'default'
2026-06-01 16:11:44 INFO  [RMI TCP Connection(30)-127.0.0.1] c.z.h.HikariDataSource:349 -
				HikariPool-3 - Shutdown initiated...
2026-06-01 16:11:44 INFO  [RMI TCP Connection(30)-127.0.0.1] c.z.h.HikariDataSource:351 -
				HikariPool-3 - Shutdown completed.
2026-06-01 16:58:15 INFO  [background-preinit] o.h.v.i.u.Version:21 -
				HV000001: Hibernate Validator 8.0.3.Final
2026-06-01 16:58:15 INFO  [restartedMain] c.c.Travel360endpoints3Application:53 -
				Starting Travel360endpoints3Application using Java 21.0.8 with PID 10964 (C:\Users\2496704\Downloads\Travel360---Project\travel360endpoints-3\target\classes started by 2496704 in C:\Users\2496704\Downloads\Travel360---Project\travel360endpoints-3)
2026-06-01 16:58:15 INFO  [restartedMain] c.c.Travel360endpoints3Application:652 -
				No active profile set, falling back to 1 default profile: "default"
2026-06-01 16:58:15 INFO  [restartedMain] o.s.b.d.e.DevToolsPropertyDefaultsPostProcessor:68 -
				Devtools property defaults active! Set 'spring.devtools.add-properties' to 'false' to disable
2026-06-01 16:58:15 INFO  [restartedMain] o.s.b.d.e.DevToolsPropertyDefaultsPostProcessor:68 -
				For additional web related logging consider setting the 'logging.level.web' property to 'DEBUG'
2026-06-01 16:58:18 INFO  [restartedMain] o.s.d.r.c.RepositoryConfigurationDelegate:145 -
				Bootstrapping Spring Data JPA repositories in DEFAULT mode.
2026-06-01 16:58:18 INFO  [restartedMain] o.s.d.r.c.RepositoryConfigurationDelegate:213 -
				Finished Spring Data repository scanning in 111 ms. Found 13 JPA repository interfaces.
2026-06-01 16:58:19 INFO  [restartedMain] o.s.b.w.e.t.TomcatWebServer:111 -
				Tomcat initialized with port 9094 (http)
2026-06-01 16:58:19 INFO  [restartedMain] o.a.c.h.Http11NioProtocol:168 -
				Initializing ProtocolHandler ["http-nio-9094"]
2026-06-01 16:58:19 INFO  [restartedMain] o.a.c.c.StandardService:168 -
				Starting service [Tomcat]
2026-06-01 16:58:19 INFO  [restartedMain] o.a.c.c.StandardEngine:168 -
				Starting Servlet engine: [Apache Tomcat/10.1.54]
2026-06-01 16:58:19 INFO  [restartedMain] o.a.c.c.C.[.[.[/]:168 -
				Initializing Spring embedded WebApplicationContext
2026-06-01 16:58:19 INFO  [restartedMain] o.s.b.w.s.c.ServletWebServerApplicationContext:301 -
				Root WebApplicationContext: initialization completed in 4036 ms
2026-06-01 16:58:19 INFO  [restartedMain] o.h.j.i.u.LogHelper:31 -
				HHH000204: Processing PersistenceUnitInfo [name: default]
2026-06-01 16:58:19 INFO  [restartedMain] o.h.Version:44 -
				HHH000412: Hibernate ORM core version 6.6.49.Final
2026-06-01 16:58:19 INFO  [restartedMain] o.h.c.i.RegionFactoryInitiator:50 -
				HHH000026: Second-level cache disabled
2026-06-01 16:58:20 INFO  [restartedMain] o.s.o.j.p.SpringPersistenceUnitInfo:87 -
				No LoadTimeWeaver setup: ignoring JPA class transformer
2026-06-01 16:58:20 INFO  [restartedMain] c.z.h.HikariDataSource:109 -
				HikariPool-1 - Starting...
2026-06-01 16:58:20 INFO  [restartedMain] c.z.h.p.HikariPool:580 -
				HikariPool-1 - Added connection com.mysql.cj.jdbc.ConnectionImpl@21fc0536
2026-06-01 16:58:20 INFO  [restartedMain] c.z.h.HikariDataSource:122 -
				HikariPool-1 - Start completed.
2026-06-01 16:58:20 INFO  [restartedMain] o.h.o.c.pooling:163 -
				HHH10001005: Database info:
	Database JDBC URL [Connecting through datasource 'HikariDataSource (HikariPool-1)']
	Database driver: undefined/unknown
	Database version: 8.0.43
	Autocommit mode: undefined/unknown
	Isolation level: undefined/unknown
	Minimum pool size: undefined/unknown
	Maximum pool size: undefined/unknown
2026-06-01 16:58:22 INFO  [restartedMain] o.h.e.t.j.p.i.JtaPlatformInitiator:59 -
				HHH000489: No JTA platform available (set 'hibernate.transaction.jta.platform' to enable JTA platform integration)
2026-06-01 16:58:22 INFO  [restartedMain] o.s.o.j.LocalContainerEntityManagerFactoryBean:447 -
				Initialized JPA EntityManagerFactory for persistence unit 'default'
2026-06-01 16:58:22 INFO  [restartedMain] o.s.d.j.r.q.QueryEnhancerFactory:49 -
				Hibernate is in classpath; If applicable, HQL parser will be used.
2026-06-01 16:58:23 WARN  [restartedMain] o.s.b.a.o.j.JpaBaseConfiguration$JpaWebConfiguration:258 -
				spring.jpa.open-in-view is enabled by default. Therefore, database queries may be performed during view rendering. Explicitly configure spring.jpa.open-in-view to disable this warning
2026-06-01 16:58:23 WARN  [restartedMain] o.s.b.a.s.s.UserDetailsServiceAutoConfiguration:90 -
				

Using generated security password: c6f4ec99-999d-4275-82dc-a78fc92a0265

This generated password is for development use only. Your security configuration must be updated before running your application in production.

2026-06-01 16:58:23 INFO  [restartedMain] o.s.s.c.a.a.c.InitializeUserDetailsBeanManagerConfigurer$InitializeUserDetailsManagerConfigurer:110 -
				Global AuthenticationManager configured with UserDetailsService bean with name inMemoryUserDetailsManager
2026-06-01 16:58:24 INFO  [restartedMain] o.s.b.d.a.OptionalLiveReloadServer:59 -
				LiveReload server is running on port 35729
2026-06-01 16:58:24 INFO  [restartedMain] o.a.c.h.Http11NioProtocol:168 -
				Starting ProtocolHandler ["http-nio-9094"]
2026-06-01 16:58:24 INFO  [restartedMain] o.s.b.w.e.t.TomcatWebServer:243 -
				Tomcat started on port 9094 (http) with context path '/'
2026-06-01 16:58:24 INFO  [restartedMain] c.c.Travel360endpoints3Application:59 -
				Started Travel360endpoints3Application in 9.794 seconds (process running for 11.045)
2026-06-01 17:10:56 WARN  [HikariPool-1:housekeeper] c.z.h.p.HikariPool:825 -
				HikariPool-1 - Thread starvation or clock leap detected (housekeeper delta=6m5s904ms885µs100ns).
2026-06-01 17:11:31 INFO  [http-nio-9094-exec-1] o.a.c.c.C.[.[.[/]:168 -
				Initializing Spring DispatcherServlet 'dispatcherServlet'
2026-06-01 17:11:31 INFO  [http-nio-9094-exec-1] o.s.w.s.DispatcherServlet:532 -
				Initializing Servlet 'dispatcherServlet'
2026-06-01 17:11:31 INFO  [http-nio-9094-exec-1] o.s.w.s.DispatcherServlet:554 -
				Completed initialization in 4 ms
2026-06-01 17:11:39 INFO  [http-nio-9094-exec-9] o.s.a.AbstractOpenApiResource:409 -
				Init duration for springdoc-openapi is: 6540 ms
2026-06-01 17:13:30 INFO  [http-nio-9094-exec-4] c.c.c.FlightController:32 -
				Received request to add flight: FlightDTO(flightNumber=DU-915, partnerId=1, source=delhi, destination=chennai, arrivalTime=12:30, departureTime=15:00, flightDate=2026-06-10, totalSeats=100, price=1000.0, status=SCHEDULED)
2026-06-01 17:13:31 INFO  [http-nio-9094-exec-4] c.c.c.FlightController:36 -
				Flight created successfully with ID: 2
2026-06-01 17:13:32 INFO  [http-nio-9094-exec-5] c.c.c.FlightController:32 -
				Received request to add flight: FlightDTO(flightNumber=DU-915, partnerId=1, source=delhi, destination=chennai, arrivalTime=12:30, departureTime=15:00, flightDate=2026-06-10, totalSeats=100, price=1000.0, status=SCHEDULED)
2026-06-01 17:13:32 INFO  [http-nio-9094-exec-5] c.c.c.FlightController:36 -
				Flight created successfully with ID: 3
2026-06-01 17:17:14 INFO  [File Watcher] o.s.b.d.a.LocalDevToolsAutoConfiguration$RestartingClassPathChangeChangedEventListener:211 -
				Restarting due to 1 class path change (0 additions, 0 deletions, 1 modification)
2026-06-01 17:17:14 INFO  [Thread-5] o.s.b.w.e.t.GracefulShutdown:54 -
				Commencing graceful shutdown. Waiting for active requests to complete
2026-06-01 17:17:14 INFO  [tomcat-shutdown] o.a.c.h.Http11NioProtocol:168 -
				Pausing ProtocolHandler ["http-nio-9094"]
2026-06-01 17:17:14 INFO  [tomcat-shutdown] o.s.b.w.e.t.GracefulShutdown:76 -
				Graceful shutdown complete
2026-06-01 17:17:14 INFO  [Thread-5] o.a.c.h.Http11NioProtocol:168 -
				Stopping ProtocolHandler ["http-nio-9094"]
2026-06-01 17:17:14 INFO  [Thread-5] o.s.o.j.LocalContainerEntityManagerFactoryBean:660 -
				Closing JPA EntityManagerFactory for persistence unit 'default'
2026-06-01 17:17:14 INFO  [Thread-5] c.z.h.HikariDataSource:349 -
				HikariPool-1 - Shutdown initiated...
2026-06-01 17:17:14 INFO  [Thread-5] c.z.h.HikariDataSource:351 -
				HikariPool-1 - Shutdown completed.
2026-06-01 17:17:14 INFO  [restartedMain] c.c.Travel360endpoints3Application:53 -
				Starting Travel360endpoints3Application using Java 21.0.8 with PID 10964 (C:\Users\2496704\Downloads\Travel360---Project\travel360endpoints-3\target\classes started by 2496704 in C:\Users\2496704\Downloads\Travel360---Project\travel360endpoints-3)
2026-06-01 17:17:14 INFO  [restartedMain] c.c.Travel360endpoints3Application:652 -
				No active profile set, falling back to 1 default profile: "default"
2026-06-01 17:17:15 INFO  [restartedMain] o.s.d.r.c.RepositoryConfigurationDelegate:145 -
				Bootstrapping Spring Data JPA repositories in DEFAULT mode.
2026-06-01 17:17:15 INFO  [restartedMain] o.s.d.r.c.RepositoryConfigurationDelegate:213 -
				Finished Spring Data repository scanning in 85 ms. Found 13 JPA repository interfaces.
2026-06-01 17:17:15 INFO  [restartedMain] o.s.b.w.e.t.TomcatWebServer:111 -
				Tomcat initialized with port 9094 (http)
2026-06-01 17:17:15 INFO  [restartedMain] o.a.c.h.Http11NioProtocol:168 -
				Initializing ProtocolHandler ["http-nio-9094"]
2026-06-01 17:17:15 INFO  [restartedMain] o.a.c.c.StandardService:168 -
				Starting service [Tomcat]
2026-06-01 17:17:15 INFO  [restartedMain] o.a.c.c.StandardEngine:168 -
				Starting Servlet engine: [Apache Tomcat/10.1.54]
2026-06-01 17:17:15 INFO  [restartedMain] o.a.c.c.C.[.[.[/]:168 -
				Initializing Spring embedded WebApplicationContext
2026-06-01 17:17:15 INFO  [restartedMain] o.s.b.w.s.c.ServletWebServerApplicationContext:301 -
				Root WebApplicationContext: initialization completed in 778 ms
2026-06-01 17:17:15 INFO  [restartedMain] o.h.j.i.u.LogHelper:31 -
				HHH000204: Processing PersistenceUnitInfo [name: default]
2026-06-01 17:17:15 INFO  [restartedMain] o.h.c.i.RegionFactoryInitiator:50 -
				HHH000026: Second-level cache disabled
2026-06-01 17:17:15 INFO  [restartedMain] o.s.o.j.p.SpringPersistenceUnitInfo:87 -
				No LoadTimeWeaver setup: ignoring JPA class transformer
2026-06-01 17:17:15 INFO  [restartedMain] c.z.h.HikariDataSource:109 -
				HikariPool-2 - Starting...
2026-06-01 17:17:15 INFO  [restartedMain] c.z.h.p.HikariPool:580 -
				HikariPool-2 - Added connection com.mysql.cj.jdbc.ConnectionImpl@20d208b3
2026-06-01 17:17:15 INFO  [restartedMain] c.z.h.HikariDataSource:122 -
				HikariPool-2 - Start completed.
2026-06-01 17:17:15 INFO  [restartedMain] o.h.o.c.pooling:163 -
				HHH10001005: Database info:
	Database JDBC URL [Connecting through datasource 'HikariDataSource (HikariPool-2)']
	Database driver: undefined/unknown
	Database version: 8.0.43
	Autocommit mode: undefined/unknown
	Isolation level: undefined/unknown
	Minimum pool size: undefined/unknown
	Maximum pool size: undefined/unknown
2026-06-01 17:17:15 INFO  [restartedMain] o.h.e.t.j.p.i.JtaPlatformInitiator:59 -
				HHH000489: No JTA platform available (set 'hibernate.transaction.jta.platform' to enable JTA platform integration)
2026-06-01 17:17:15 INFO  [restartedMain] o.s.o.j.LocalContainerEntityManagerFactoryBean:447 -
				Initialized JPA EntityManagerFactory for persistence unit 'default'
2026-06-01 17:17:16 WARN  [restartedMain] o.s.b.a.o.j.JpaBaseConfiguration$JpaWebConfiguration:258 -
				spring.jpa.open-in-view is enabled by default. Therefore, database queries may be performed during view rendering. Explicitly configure spring.jpa.open-in-view to disable this warning
2026-06-01 17:17:16 WARN  [restartedMain] o.s.b.a.s.s.UserDetailsServiceAutoConfiguration:90 -
				

Using generated security password: 41de4bec-aad9-419d-83d4-9865ec33f5a3

This generated password is for development use only. Your security configuration must be updated before running your application in production.

2026-06-01 17:17:16 INFO  [restartedMain] o.s.s.c.a.a.c.InitializeUserDetailsBeanManagerConfigurer$InitializeUserDetailsManagerConfigurer:110 -
				Global AuthenticationManager configured with UserDetailsService bean with name inMemoryUserDetailsManager
2026-06-01 17:17:16 INFO  [restartedMain] o.s.b.d.a.OptionalLiveReloadServer:59 -
				LiveReload server is running on port 35729
2026-06-01 17:17:16 INFO  [restartedMain] o.a.c.h.Http11NioProtocol:168 -
				Starting ProtocolHandler ["http-nio-9094"]
2026-06-01 17:17:16 INFO  [restartedMain] o.s.b.w.e.t.TomcatWebServer:243 -
				Tomcat started on port 9094 (http) with context path '/'
2026-06-01 17:17:16 INFO  [restartedMain] c.c.Travel360endpoints3Application:59 -
				Started Travel360endpoints3Application in 2.037 seconds (process running for 1142.714)
2026-06-01 17:17:16 INFO  [restartedMain] o.s.b.d.a.ConditionEvaluationDeltaLoggingListener:63 -
				Condition evaluation unchanged
2026-06-01 17:17:42 INFO  [http-nio-9094-exec-1] o.a.c.c.C.[.[.[/]:168 -
				Initializing Spring DispatcherServlet 'dispatcherServlet'
2026-06-01 17:17:42 INFO  [http-nio-9094-exec-1] o.s.w.s.DispatcherServlet:532 -
				Initializing Servlet 'dispatcherServlet'
2026-06-01 17:17:42 INFO  [http-nio-9094-exec-1] o.s.w.s.DispatcherServlet:554 -
				Completed initialization in 2 ms
2026-06-01 17:17:43 INFO  [http-nio-9094-exec-9] o.s.a.AbstractOpenApiResource:409 -
				Init duration for springdoc-openapi is: 1069 ms
2026-06-01 17:20:33 INFO  [http-nio-9094-exec-5] c.c.c.FlightController:32 -
				Received request to add flight: FlightDTO(flightNumber=RN-951, partnerId=1, source=delhi, destination=mumbai, arrivalTime=14:00, departureTime=18:00, flightDate=2026-06-15, totalSeats=100, price=500.0, status=SCHEDULED)
2026-06-01 17:20:33 INFO  [http-nio-9094-exec-5] c.c.s.FlightServiceImpl:37 -
				Adding new flight with partnerId: 1
2026-06-01 17:20:33 INFO  [http-nio-9094-exec-5] c.c.s.FlightServiceImpl:74 -
				Flight created successfully with ID: 4
2026-06-01 17:20:33 INFO  [http-nio-9094-exec-5] c.c.c.FlightController:36 -
				Flight created successfully with ID: 4
2026-06-01 17:24:11 INFO  [http-nio-9094-exec-8] c.c.c.FlightController:61 -
				Searching flights from 'chennai' to 'Mumbai' (page=0, size=3)
2026-06-01 17:24:11 INFO  [http-nio-9094-exec-8] c.c.s.FlightServiceImpl:134 -
				Searching flights from 'chennai' to 'Mumbai' (page=0, size=3)
2026-06-01 17:24:11 INFO  [http-nio-9094-exec-8] c.c.s.FlightServiceImpl:142 -
				Search returned 0 flights
2026-06-01 17:24:11 INFO  [http-nio-9094-exec-8] c.c.c.FlightController:66 -
				Found 0 flights for search query
2026-06-01 17:24:27 INFO  [http-nio-9094-exec-7] c.c.c.FlightController:61 -
				Searching flights from 'Chennai' to 'Mumbai' (page=0, size=3)
2026-06-01 17:24:27 INFO  [http-nio-9094-exec-7] c.c.s.FlightServiceImpl:134 -
				Searching flights from 'Chennai' to 'Mumbai' (page=0, size=3)
2026-06-01 17:24:27 INFO  [http-nio-9094-exec-7] c.c.s.FlightServiceImpl:142 -
				Search returned 0 flights
2026-06-01 17:24:27 INFO  [http-nio-9094-exec-7] c.c.c.FlightController:66 -
				Found 0 flights for search query
2026-06-01 17:24:40 INFO  [http-nio-9094-exec-9] c.c.c.FlightController:61 -
				Searching flights from 'delhi' to 'Mumbai' (page=0, size=3)
2026-06-01 17:24:40 INFO  [http-nio-9094-exec-9] c.c.s.FlightServiceImpl:134 -
				Searching flights from 'delhi' to 'Mumbai' (page=0, size=3)
2026-06-01 17:24:40 INFO  [http-nio-9094-exec-9] c.c.s.FlightServiceImpl:142 -
				Search returned 1 flights
2026-06-01 17:24:40 INFO  [http-nio-9094-exec-9] c.c.c.FlightController:66 -
				Found 1 flights for search query
2026-06-01 17:26:47 INFO  [RMI TCP Connection(36)-127.0.0.1] o.s.b.a.SpringApplicationAdminMXBeanRegistrar$SpringApplicationAdmin:159 -
				Application shutdown requested.
2026-06-01 17:26:47 INFO  [RMI TCP Connection(36)-127.0.0.1] o.s.b.w.e.t.GracefulShutdown:54 -
				Commencing graceful shutdown. Waiting for active requests to complete
2026-06-01 17:26:47 INFO  [tomcat-shutdown] o.a.c.h.Http11NioProtocol:168 -
				Pausing ProtocolHandler ["http-nio-9094"]
2026-06-01 17:26:47 INFO  [tomcat-shutdown] o.s.b.w.e.t.GracefulShutdown:76 -
				Graceful shutdown complete
2026-06-01 17:26:47 INFO  [RMI TCP Connection(36)-127.0.0.1] o.a.c.h.Http11NioProtocol:168 -
				Stopping ProtocolHandler ["http-nio-9094"]
2026-06-01 17:26:47 INFO  [RMI TCP Connection(36)-127.0.0.1] o.s.o.j.LocalContainerEntityManagerFactoryBean:660 -
				Closing JPA EntityManagerFactory for persistence unit 'default'
2026-06-01 17:26:47 INFO  [RMI TCP Connection(36)-127.0.0.1] c.z.h.HikariDataSource:349 -
				HikariPool-2 - Shutdown initiated...
2026-06-01 17:26:47 INFO  [RMI TCP Connection(36)-127.0.0.1] c.z.h.HikariDataSource:351 -
				HikariPool-2 - Shutdown completed.
